[debug] [2021-09-01T03:09:21.219Z] ----------------------------------------------------------------------
[debug] [2021-09-01T03:09:21.221Z] Command:       C:\Program Files\nodejs\node.exe C:\Users\wahyu\AppData\Roaming\npm\node_modules\firebase-tools\lib\bin\firebase.js deploy
[debug] [2021-09-01T03:09:21.222Z] CLI Version:   9.16.6
[debug] [2021-09-01T03:09:21.222Z] Platform:      win32
[debug] [2021-09-01T03:09:21.222Z] Node Version:  v14.15.4
[debug] [2021-09-01T03:09:21.226Z] Time:          Wed Sep 01 2021 10:09:21 GMT+0700 (Western Indonesia Time)
[debug] [2021-09-01T03:09:21.226Z] ----------------------------------------------------------------------
[debug] 
[debug] [2021-09-01T03:09:21.229Z] >>> [apiv2][query] GET https://firebase-public.firebaseio.com/cli.json [none]
[debug] [2021-09-01T03:09:21.320Z] > command requires scopes: ["email","openid","https://www.googleapis.com/auth/cloudplatformprojects.readonly","https://www.googleapis.com/auth/firebase","https://www.googleapis.com/auth/cloud-platform"]
[debug] [2021-09-01T03:09:21.321Z] > authorizing via signed-in user (arizky.wna@gmail.com)
[debug] [2021-09-01T03:09:21.321Z] [iam] checking project chat-web-arzky for permissions ["firebase.projects.get","firebasedatabase.instances.update","firebasehosting.sites.update"]
[debug] [2021-09-01T03:09:21.323Z] > refreshing access token with scopes: ["email","https://www.googleapis.com/auth/cloud-platform","https://www.googleapis.com/auth/cloudplatformprojects.readonly","https://www.googleapis.com/auth/firebase","openid"]
[debug] [2021-09-01T03:09:21.323Z] >>> HTTP REQUEST POST https://www.googleapis.com/oauth2/v3/token  
 <request body omitted>
[debug] [2021-09-01T03:09:22.046Z] <<< HTTP RESPONSE 200 {"expires":"Mon, 01 Jan 1990 00:00:00 GMT","date":"Wed, 01 Sep 2021 03:09:24 GMT","cache-control":"no-cache, no-store, max-age=0, must-revalidate","pragma":"no-cache","content-type":"application/json; charset=utf-8","vary":"X-Origin, Referer, Origin,Accept-Encoding","server":"scaffolding on HTTPServer2","x-xss-protection":"0","x-frame-options":"SAMEORIGIN","x-content-type-options":"nosniff","alt-svc":"h3=\":443\"; ma=2592000,h3-29=\":443\"; ma=2592000,h3-T051=\":443\"; ma=2592000,h3-Q050=\":443\"; ma=2592000,h3-Q046=\":443\"; ma=2592000,h3-Q043=\":443\"; ma=2592000,quic=\":443\"; ma=2592000; v=\"46,43\"","accept-ranges":"none","cross-origin-opener-policy-report-only":"same-origin; report-to=\"gfe-default_product_name\"","report-to":"{\"group\":\"gfe-default_product_name\",\"max_age\":2592000,\"endpoints\":[{\"url\":\"https://csp.withgoogle.com/csp/report-to/default_product_name\"}]}","transfer-encoding":"chunked"}
[debug] [2021-09-01T03:09:22.062Z] >>> HTTP REQUEST POST https://cloudresourcemanager.googleapis.com/v1/projects/chat-web-arzky:testIamPermissions  
 {"permissions":["firebase.projects.get","firebasedatabase.instances.update","firebasehosting.sites.update"]}
[debug] [2021-09-01T03:09:22.231Z] <<< [apiv2][status] GET https://firebase-public.firebaseio.com/cli.json 200
[debug] [2021-09-01T03:09:22.231Z] <<< [apiv2][body] GET https://firebase-public.firebaseio.com/cli.json {"cloudBuildErrorAfter":1594252800000,"cloudBuildWarnAfter":1590019200000,"defaultNode10After":1594252800000,"minVersion":"3.0.5","node8DeploysDisabledAfter":1613390400000,"node8RuntimeDisabledAfter":1615809600000,"node8WarnAfter":1600128000000}
[debug] [2021-09-01T03:09:23.334Z] <<< HTTP RESPONSE 200 {"content-type":"application/json; charset=UTF-8","vary":"X-Origin, Referer, Origin,Accept-Encoding","date":"Wed, 01 Sep 2021 03:09:25 GMT","server":"ESF","cache-control":"private","x-xss-protection":"0","x-frame-options":"SAMEORIGIN","x-content-type-options":"nosniff","server-timing":"gfet4t7; dur=946","alt-svc":"h3=\":443\"; ma=2592000,h3-29=\":443\"; ma=2592000,h3-T051=\":443\"; ma=2592000,h3-Q050=\":443\"; ma=2592000,h3-Q046=\":443\"; ma=2592000,h3-Q043=\":443\"; ma=2592000,quic=\":443\"; ma=2592000; v=\"46,43\"","accept-ranges":"none","cross-origin-opener-policy-report-only":"same-origin; report-to=\"gfe-default_product_name\"","report-to":"{\"group\":\"gfe-default_product_name\",\"max_age\":2592000,\"endpoints\":[{\"url\":\"https://csp.withgoogle.com/csp/report-to/default_product_name\"}]}","transfer-encoding":"chunked"}
[debug] [2021-09-01T03:09:23.335Z] > refreshing access token with scopes: []
[debug] [2021-09-01T03:09:23.336Z] >>> HTTP REQUEST POST https://www.googleapis.com/oauth2/v3/token  
 <request body omitted>
[debug] [2021-09-01T03:09:23.542Z] <<< HTTP RESPONSE 200 {"expires":"Mon, 01 Jan 1990 00:00:00 GMT","date":"Wed, 01 Sep 2021 03:09:25 GMT","pragma":"no-cache","cache-control":"no-cache, no-store, max-age=0, must-revalidate","content-type":"application/json; charset=utf-8","vary":"X-Origin, Referer, Origin,Accept-Encoding","server":"scaffolding on HTTPServer2","x-xss-protection":"0","x-frame-options":"SAMEORIGIN","x-content-type-options":"nosniff","alt-svc":"h3=\":443\"; ma=2592000,h3-29=\":443\"; ma=2592000,h3-T051=\":443\"; ma=2592000,h3-Q050=\":443\"; ma=2592000,h3-Q046=\":443\"; ma=2592000,h3-Q043=\":443\"; ma=2592000,quic=\":443\"; ma=2592000; v=\"46,43\"","accept-ranges":"none","cross-origin-opener-policy-report-only":"same-origin; report-to=\"gfe-default_product_name\"","report-to":"{\"group\":\"gfe-default_product_name\",\"max_age\":2592000,\"endpoints\":[{\"url\":\"https://csp.withgoogle.com/csp/report-to/default_product_name\"}]}","transfer-encoding":"chunked"}
[debug] [2021-09-01T03:09:23.556Z] >>> [apiv2][query] GET https://firebase.googleapis.com/v1beta1/projects/chat-web-arzky [none]
[debug] [2021-09-01T03:09:25.241Z] <<< [apiv2][status] GET https://firebase.googleapis.com/v1beta1/projects/chat-web-arzky 200
[debug] [2021-09-01T03:09:25.241Z] <<< [apiv2][body] GET https://firebase.googleapis.com/v1beta1/projects/chat-web-arzky {"projectId":"chat-web-arzky","projectNumber":"881501680669","displayName":"chat-web-arzky","name":"projects/chat-web-arzky","resources":{"hostingSite":"chat-web-arzky","realtimeDatabaseInstance":"chat-web-arzky-default-rtdb","storageBucket":"chat-web-arzky.appspot.com","locationId":"asia-southeast1"},"state":"ACTIVE"}
[debug] [2021-09-01T03:09:25.242Z] >>> [apiv2][query] GET https://firebase.googleapis.com/v1beta1/projects/chat-web-arzky [none]
[debug] [2021-09-01T03:09:25.693Z] <<< [apiv2][status] GET https://firebase.googleapis.com/v1beta1/projects/chat-web-arzky 200
[debug] [2021-09-01T03:09:25.693Z] <<< [apiv2][body] GET https://firebase.googleapis.com/v1beta1/projects/chat-web-arzky {"projectId":"chat-web-arzky","projectNumber":"881501680669","displayName":"chat-web-arzky","name":"projects/chat-web-arzky","resources":{"hostingSite":"chat-web-arzky","realtimeDatabaseInstance":"chat-web-arzky-default-rtdb","storageBucket":"chat-web-arzky.appspot.com","locationId":"asia-southeast1"},"state":"ACTIVE"}
[info] 
[info] === Deploying to 'chat-web-arzky'...
[info] 
[info] i  deploying database, hosting 
[info] Running command: npm run build
